2025-09-08T12:19:56.142 application=api [debug] Current API rate limit by key nil reqs/sec
2025-09-08T12:19:56.142 application=api [debug] Current API rate limit by IP nil reqs/sec
2025-09-08T12:25:06.495 application=api [debug] Current API rate limit by key nil reqs/sec
2025-09-08T12:25:06.495 application=api [debug] Current API rate limit by IP nil reqs/sec
2025-09-08T12:27:23.566 application=api [debug] Current API rate limit by key nil reqs/sec
2025-09-08T12:27:23.566 application=api [debug] Current API rate limit by IP nil reqs/sec
2025-09-08T12:28:58.505 application=api [debug] Current API rate limit by key nil reqs/sec
2025-09-08T12:28:58.507 application=api [debug] Current API rate limit by IP nil reqs/sec
2025-09-08T12:30:38.841 application=api [debug] Current API rate limit by key nil reqs/sec
2025-09-08T12:30:38.841 application=api [debug] Current API rate limit by IP nil reqs/sec
2025-09-08T12:33:45.074 application=api [debug] Current API rate limit by key nil reqs/sec
2025-09-08T12:33:45.074 application=api [debug] Current API rate limit by IP nil reqs/sec
2025-09-08T12:36:11.529 application=api [debug] Current API rate limit by key nil reqs/sec
2025-09-08T12:36:11.529 application=api [debug] Current API rate limit by IP nil reqs/sec
2025-09-08T12:43:35.507 application=api [debug] Current API rate limit by key nil reqs/sec
2025-09-08T12:43:35.507 application=api [debug] Current API rate limit by IP nil reqs/sec
2025-09-08T13:05:29.832 application=api [debug] Current API rate limit by key nil reqs/sec
2025-09-08T13:05:29.832 application=api [debug] Current API rate limit by IP nil reqs/sec
2025-09-08T13:21:36.433 application=api [debug] Current API rate limit by key nil reqs/sec
2025-09-08T13:21:36.434 application=api [debug] Current API rate limit by IP nil reqs/sec
2025-09-08T13:31:53.043 application=api [debug] Current API rate limit by key nil reqs/sec
2025-09-08T13:31:53.043 application=api [debug] Current API rate limit by IP nil reqs/sec
2025-09-08T13:59:41.182 application=api [debug] Current API rate limit by key nil reqs/sec
2025-09-08T13:59:41.182 application=api [debug] Current API rate limit by IP nil reqs/sec
2025-09-08T14:07:35.458 application=api [debug] Current API rate limit by key nil reqs/sec
2025-09-08T14:07:35.459 application=api [debug] Current API rate limit by IP nil reqs/sec
2025-09-08T14:28:38.524 application=api [debug] Current API rate limit by key nil reqs/sec
2025-09-08T14:28:38.524 application=api [debug] Current API rate limit by IP nil reqs/sec
2025-09-08T14:36:39.842 application=api [debug] Current API rate limit by key nil reqs/sec
2025-09-08T14:36:39.842 application=api [debug] Current API rate limit by IP nil reqs/sec
2025-09-08T14:42:07.618 application=api [debug] Current API rate limit by key nil reqs/sec
2025-09-08T14:42:07.618 application=api [debug] Current API rate limit by IP nil reqs/sec
2025-09-08T14:49:29.761 application=api [debug] Current API rate limit by key nil reqs/sec
2025-09-08T14:49:29.762 application=api [debug] Current API rate limit by IP nil reqs/sec
2025-09-08T14:52:13.666 application=api [debug] Current API rate limit by key nil reqs/sec
2025-09-08T14:52:13.666 application=api [debug] Current API rate limit by IP nil reqs/sec
2025-09-08T14:57:16.529 application=api [debug] Current API rate limit by key nil reqs/sec
2025-09-08T14:57:16.529 application=api [debug] Current API rate limit by IP nil reqs/sec
2025-09-08T14:59:40.731 application=api [debug] Current API rate limit by key nil reqs/sec
2025-09-08T14:59:40.732 application=api [debug] Current API rate limit by IP nil reqs/sec
2025-09-08T15:10:07.306 application=api [debug] Current API rate limit by key nil reqs/sec
2025-09-08T15:10:07.306 application=api [debug] Current API rate limit by IP nil reqs/sec
2025-09-08T15:21:38.397 application=api [debug] Current API rate limit by key nil reqs/sec
2025-09-08T15:21:38.397 application=api [debug] Current API rate limit by IP nil reqs/sec
2025-09-08T15:22:17.824 application=api request_id=GGNX6P7UuASvh1YAAAhG [info] Sent 400 in 362µs on GET /api/v1/pages/main?
2025-09-08T15:22:19.055 application=api request_id=GGNX6Ugk0iJiL68AAA0k [info] Sent 400 in 642µs on GET /api/v1/pages/main?
2025-09-08T15:22:21.262 application=api request_id=GGNX6cuC1DPcP8QAABYB [info] Sent 400 in 833µs on GET /api/v1/pages/main?
2025-09-08T15:23:12.922 application=api request_id=GGNX9dL2BkcUrdUAACMh [info] Sent 400 in 82µs on GET /api/v1/pages/main?
2025-09-08T15:23:14.138 application=api request_id=GGNX9htn_894RFMAACOh [info] Sent 400 in 121µs on GET /api/v1/pages/main?
2025-09-08T15:23:16.289 application=api request_id=GGNX9pt_B-KJLmMAABnE [info] Sent 400 in 670µs on GET /api/v1/pages/main?
2025-09-08T15:24:11.257 application=api request_id=GGNYA2gcJbN5VAcAABmG [info] Sent 400 in 201µs on GET /api/v1/pages/main?
2025-09-08T15:24:13.415 application=api request_id=GGNYA-iY3tAMIx0AABpG [info] Sent 400 in 364µs on GET /api/v1/pages/main?
2025-09-08T15:24:21.419 application=api request_id=GGNYBcWfdq9M3h0AACfk [info] Sent 400 in 162µs on GET /api/v1/pages/main?
2025-09-08T15:24:23.524 application=api request_id=GGNYBkMFEMg_ZI8AACiE [info] Sent 400 in 633µs on GET /api/v1/pages/main?
2025-09-08T15:32:59.632 application=api [debug] Current API rate limit by key nil reqs/sec
2025-09-08T15:32:59.633 application=api [debug] Current API rate limit by IP nil reqs/sec
2025-09-08T15:34:29.081 application=api [debug] Current API rate limit by key nil reqs/sec
2025-09-08T15:34:29.082 application=api [debug] Current API rate limit by IP nil reqs/sec
2025-09-08T15:36:56.813 application=api request_id=GGNYtaalu9msPC4AACiF [info] Sent 400 in 9ms on GET /api/v1/pages/main?
2025-09-08T15:44:09.224 application=api [debug] Current API rate limit by key nil reqs/sec
2025-09-08T15:44:09.224 application=api [debug] Current API rate limit by IP nil reqs/sec
2025-09-08T15:52:08.928 application=api [debug] Current API rate limit by key nil reqs/sec
2025-09-08T15:52:08.928 application=api [debug] Current API rate limit by IP nil reqs/sec
2025-09-08T15:54:00.976 application=api [debug] Current API rate limit by key nil reqs/sec
2025-09-08T15:54:00.976 application=api [debug] Current API rate limit by IP nil reqs/sec
2025-09-08T15:57:13.294 application=api [debug] Current API rate limit by key nil reqs/sec
2025-09-08T15:57:13.294 application=api [debug] Current API rate limit by IP nil reqs/sec
2025-09-08T15:59:16.165 application=api [debug] Current API rate limit by key nil reqs/sec
2025-09-08T15:59:16.165 application=api [debug] Current API rate limit by IP nil reqs/sec
2025-09-08T16:02:27.973 application=api [debug] Current API rate limit by key nil reqs/sec
2025-09-08T16:02:27.973 application=api [debug] Current API rate limit by IP nil reqs/sec
2025-09-08T16:19:02.610 application=api [debug] Current API rate limit by key nil reqs/sec
2025-09-08T16:19:02.611 application=api [debug] Current API rate limit by IP nil reqs/sec
2025-09-08T16:20:41.388 application=api [debug] Current API rate limit by key nil reqs/sec
2025-09-08T16:20:41.390 application=api [debug] Current API rate limit by IP nil reqs/sec
2025-09-08T16:22:06.385 application=api [debug] Current API rate limit by key nil reqs/sec
2025-09-08T16:22:06.385 application=api [debug] Current API rate limit by IP nil reqs/sec
2025-09-08T16:23:48.699 application=api [debug] Current API rate limit by key nil reqs/sec
2025-09-08T16:23:48.699 application=api [debug] Current API rate limit by IP nil reqs/sec
2025-09-08T16:29:15.090 application=api request_id=GGNbkFZws9LM6McAADiE [info] Sent 400 in 1ms on GET /api/v1/pages/main?
2025-09-08T16:29:16.793 application=api request_id=GGNbkLwhPT_c278AAFGm [info] Sent 400 in 111µs on GET /api/v1/pages/main?
2025-09-08T16:29:18.937 application=api request_id=GGNbkTtMo4ujqwQAADsE [info] Sent 400 in 357µs on GET /api/v1/pages/main?
2025-09-08T16:31:42.535 application=api request_id=GGNbsqm4Myy_3mQAAGUl [info] Sent 400 in 522µs on GET /api/v1/pages/main?
2025-09-08T16:31:43.794 application=api request_id=GGNbsvYEmcZUhIIAAG2H [info] Sent 400 in 417µs on GET /api/v1/pages/main?
2025-09-08T16:31:46.040 application=api request_id=GGNbs3vcuakPlQoAAGXF [info] Sent 400 in 413µs on GET /api/v1/pages/main?
2025-09-08T16:41:00.077 application=api request_id=GGNcNHrNJtGcOTYAAROh [info] Sent 400 in 5ms on GET /api/v1/pages/main?
2025-09-08T16:41:02.369 application=api request_id=GGNcNQLi-g_QKS0AARTB [info] Sent 400 in 1ms on GET /api/v1/pages/main?
2025-09-08T16:49:25.186 application=api request_id=GGNcqhVKwDilje4AATmE [info] Sent 400 in 1ms on GET /api/v1/pages/main?
2025-09-08T16:49:26.672 application=api request_id=GGNcqm3oY1bw72MAAZyB [info] Sent 400 in 394µs on GET /api/v1/pages/main?
2025-09-08T16:49:28.848 application=api request_id=GGNcqu-FKK8kPVAAAUrC [info] Sent 400 in 533µs on GET /api/v1/pages/main?
2025-09-08T22:06:39.885 application=api [debug] Current API rate limit by key nil reqs/sec
2025-09-08T22:06:39.894 application=api [debug] Current API rate limit by IP nil reqs/sec
2025-09-09T11:48:49.180 application=api [debug] Current API rate limit by key nil reqs/sec
2025-09-09T11:48:49.180 application=api [debug] Current API rate limit by IP nil reqs/sec
2025-09-09T11:50:06.854 application=api [debug] Current API rate limit by key nil reqs/sec
2025-09-09T11:50:06.854 application=api [debug] Current API rate limit by IP nil reqs/sec
2025-09-09T11:50:32.880 application=api request_id=GGOa73aCE1g7VVIAAD5h [info] Sent 400 in 2ms on GET /api/v1/pages/main?
2025-09-09T11:50:34.286 application=api request_id=GGOa78pzYECT98MAAD9h [info] Sent 400 in 255µs on GET /api/v1/pages/main?
2025-09-09T11:50:36.407 application=api request_id=GGOa8EkMHsNrsUYAAEBB [info] Sent 400 in 261µs on GET /api/v1/pages/main?
2025-09-09T11:50:57.507 application=api request_id=GGOa9TKcJN9YkY4AAEkh [info] Sent 400 in 1ms on GET /api/v1/pages/main?
2025-09-09T11:50:58.783 application=api request_id=GGOa9X6VF4nxOKUAAEph [info] Sent 400 in 1ms on GET /api/v1/pages/main?
2025-09-09T11:51:00.980 application=api request_id=GGOa9gFlraqlaZMAABFk [info] Sent 400 in 1ms on GET /api/v1/pages/main?
2025-09-09T11:51:06.764 application=api request_id=GGOa910HBUBDVt4AAAsH [info] Sent 400 in 206µs on GET /api/v1/pages/main?
2025-09-09T11:51:08.051 application=api request_id=GGOa96m_SUs2--YAAAvH [info] Sent 400 in 251µs on GET /api/v1/pages/main?
2025-09-09T11:51:09.750 application=api request_id=GGOa-A76H4m6KHMAACyi [info] Sent 400 in 209µs on GET /api/v1/pages/main?
2025-09-09T11:51:10.990 application=api request_id=GGOa-Fjs9FjbV7AAAC0C [info] Sent 400 in 335µs on GET /api/v1/pages/main?
2025-09-09T11:51:13.147 application=api request_id=GGOa-Nj23ynfTTMAAC1i [info] Sent 400 in 6ms on GET /api/v1/pages/main?
2025-09-09T11:51:34.563 application=api request_id=GGOa_dXuXu-JouEAABaF [info] Sent 400 in 1ms on GET /api/v1/pages/main?
2025-09-09T11:51:35.723 application=api request_id=GGOa_hsmjCyKYe8AADKi [info] Sent 400 in 332µs on GET /api/v1/pages/main?
2025-09-09T11:51:37.898 application=api request_id=GGOa_pn78oPqubkAADLi [info] Sent 400 in 402µs on GET /api/v1/pages/main?
2025-09-09T11:51:52.640 application=api request_id=GGObAghalAqkx94AAByE [info] Sent 400 in 3ms on GET /api/v1/pages/main?
2025-09-09T12:02:54.606 application=api request_id=GGObnCibl4GZW0MAAOxh [info] Sent 400 in 1ms on GET /api/v1/pages/main?
2025-09-09T12:02:55.819 application=api request_id=GGObnHDwEhiNegQAAJJl [info] Sent 400 in 334µs on GET /api/v1/pages/main?
2025-09-09T12:02:57.932 application=api request_id=GGObnO7h6Y9EM-gAAJMF [info] Sent 400 in 294µs on GET /api/v1/pages/main?
